<?xml version="1.0" encoding="UTF-8"?>
<!-- Generated by org.testng.reporters.JUnitReportReporter -->
<testsuite hostname="Santhosh-PC" name="com.ebanking.master.Selgrid" tests="2" failures="0" timestamp="6 May 2019 04:40:12 GMT" time="56.635" errors="0">
  <testcase name="gd" time="30.274" classname="com.ebanking.master.Selgrid"/>
  <testcase name="gd" time="26.361" classname="com.ebanking.master.Selgrid"/>
</testsuite> <!-- com.ebanking.master.Selgrid -->
