<?xml version="1.0" encoding="UTF-8"?>
<!-- Generated by org.testng.reporters.JUnitReportReporter -->
<testsuite hostname="Santhosh-PC" name="com.ebanking.master.RoleNG" tests="4" failures="0" timestamp="15 Oct 2018 10:47:53 GMT" time="61.747" errors="0">
  <testcase name="Rol" time="15.472" classname="com.ebanking.master.RoleNG"/>
  <testcase name="Rol" time="15.445" classname="com.ebanking.master.RoleNG"/>
  <testcase name="Rol" time="15.447" classname="com.ebanking.master.RoleNG"/>
  <testcase name="Rol" time="15.383" classname="com.ebanking.master.RoleNG"/>
</testsuite> <!-- com.ebanking.master.RoleNG -->
