<?xml version="1.0" encoding="UTF-8"?>
<!-- Generated by org.testng.reporters.JUnitReportReporter -->
<testsuite hostname="Santhosh-PC" name="com.ebanking.master.Excel" tests="1" failures="0" timestamp="15 Oct 2018 10:31:27 GMT" time="80.017" errors="0">
  <testcase name="ex" time="80.017" classname="com.ebanking.master.Excel"/>
</testsuite> <!-- com.ebanking.master.Excel -->
