<?xml version="1.0" encoding="UTF-8"?>
<!-- Generated by org.testng.reporters.JUnitReportReporter -->
<testsuite hostname="Santhosh-PC" name="com.ebanking.master.Seleniumgd" tests="2" failures="0" timestamp="5 Mar 2019 10:31:37 GMT" time="43.343" errors="0">
  <testcase name="grid" time="20.265" classname="com.ebanking.master.Seleniumgd"/>
  <testcase name="grid" time="23.078" classname="com.ebanking.master.Seleniumgd"/>
</testsuite> <!-- com.ebanking.master.Seleniumgd -->
