<?xml version="1.0" encoding="UTF-8"?>
<!-- Generated by org.testng.reporters.JUnitReportReporter -->
<testsuite hostname="Santhosh-PC" name="com.ebanking.master.BranchNg" tests="1" failures="0" timestamp="15 Oct 2018 10:47:53 GMT" time="31.290" errors="0">
  <testcase name="Br" time="31.290" classname="com.ebanking.master.BranchNg"/>
</testsuite> <!-- com.ebanking.master.BranchNg -->
