<?xml version="1.0" encoding="UTF-8"?>
<!-- Generated by org.testng.reporters.JUnitReportReporter -->
<testsuite hostname="Santhosh-PC" name="com.ebanking.master.Sgrid" tests="2" failures="0" timestamp="16 Feb 2019 07:28:45 GMT" time="41.794" errors="0">
  <testcase name="gd" time="22.176" classname="com.ebanking.master.Sgrid"/>
  <testcase name="gd" time="19.618" classname="com.ebanking.master.Sgrid"/>
</testsuite> <!-- com.ebanking.master.Sgrid -->
