<?xml version="1.0" encoding="UTF-8"?>
<!-- Generated by org.testng.reporters.JUnitReportReporter -->
<testsuite hostname="Santhosh-PC" name="com.ebanking.master.Gridsel" tests="2" failures="0" timestamp="9 May 2019 10:39:50 GMT" time="81.812" errors="0">
  <testcase name="Gd" time="42.336" classname="com.ebanking.master.Gridsel"/>
  <testcase name="Gd" time="39.476" classname="com.ebanking.master.Gridsel"/>
</testsuite> <!-- com.ebanking.master.Gridsel -->
