<?xml version="1.0" encoding="UTF-8"?>
<!-- Generated by org.testng.reporters.JUnitReportReporter -->
<testsuite hostname="Santhosh-PC" name="com.ebanking.master.Sgridmay" tests="2" failures="0" timestamp="30 May 2019 06:13:15 GMT" time="86.974" errors="0">
  <testcase name="grid" time="43.552" classname="com.ebanking.master.Sgridmay"/>
  <testcase name="grid" time="43.422" classname="com.ebanking.master.Sgridmay"/>
</testsuite> <!-- com.ebanking.master.Sgridmay -->
