<?xml version="1.0" encoding="UTF-8"?>
<!-- Generated by org.testng.reporters.JUnitReportReporter -->
<testsuite hostname="Santhosh-PC" name="com.ebanking.master.Grids" tests="2" failures="0" timestamp="20 Feb 2019 03:55:59 GMT" time="61.836" errors="0">
  <testcase name="gd" time="32.192" classname="com.ebanking.master.Grids"/>
  <testcase name="gd" time="29.644" classname="com.ebanking.master.Grids"/>
</testsuite> <!-- com.ebanking.master.Grids -->
